  Api.cpp
d:\大二下学期课程\数据库系统\数据库夏季大作业\总体提交作业\2.pro\minisql2020627\newminisql\api.cpp(151): warning C4018: “<”: 有符号/无符号不匹配
d:\大二下学期课程\数据库系统\数据库夏季大作业\总体提交作业\2.pro\minisql2020627\newminisql\api.cpp(172): warning C4018: “<”: 有符号/无符号不匹配
d:\大二下学期课程\数据库系统\数据库夏季大作业\总体提交作业\2.pro\minisql2020627\newminisql\api.cpp(214): warning C4018: “<”: 有符号/无符号不匹配
d:\大二下学期课程\数据库系统\数据库夏季大作业\总体提交作业\2.pro\minisql2020627\newminisql\api.cpp(327): warning C4018: “<”: 有符号/无符号不匹配
d:\大二下学期课程\数据库系统\数据库夏季大作业\总体提交作业\2.pro\minisql2020627\newminisql\api.cpp(362): warning C4018: “<”: 有符号/无符号不匹配
d:\大二下学期课程\数据库系统\数据库夏季大作业\总体提交作业\2.pro\minisql2020627\newminisql\api.cpp(396): warning C4018: “<”: 有符号/无符号不匹配
d:\大二下学期课程\数据库系统\数据库夏季大作业\总体提交作业\2.pro\minisql2020627\newminisql\api.cpp(558): warning C4018: “<”: 有符号/无符号不匹配
d:\大二下学期课程\数据库系统\数据库夏季大作业\总体提交作业\2.pro\minisql2020627\newminisql\api.cpp(629): warning C4018: “<”: 有符号/无符号不匹配
d:\大二下学期课程\数据库系统\数据库夏季大作业\总体提交作业\2.pro\minisql2020627\newminisql\api.cpp(643): warning C4018: “<”: 有符号/无符号不匹配
d:\大二下学期课程\数据库系统\数据库夏季大作业\总体提交作业\2.pro\minisql2020627\newminisql\api.cpp(658): warning C4018: “<”: 有符号/无符号不匹配
d:\大二下学期课程\数据库系统\数据库夏季大作业\总体提交作业\2.pro\minisql2020627\newminisql\api.cpp(679): warning C4018: “<”: 有符号/无符号不匹配
d:\大二下学期课程\数据库系统\数据库夏季大作业\总体提交作业\2.pro\minisql2020627\newminisql\api.cpp(686): warning C4018: “<”: 有符号/无符号不匹配
d:\大二下学期课程\数据库系统\数据库夏季大作业\总体提交作业\2.pro\minisql2020627\newminisql\api.cpp(710): warning C4018: “<”: 有符号/无符号不匹配
d:\大二下学期课程\数据库系统\数据库夏季大作业\总体提交作业\2.pro\minisql2020627\newminisql\api.cpp(721): warning C4018: “>”: 有符号/无符号不匹配
d:\大二下学期课程\数据库系统\数据库夏季大作业\总体提交作业\2.pro\minisql2020627\newminisql\api.cpp(727): warning C4018: “>”: 有符号/无符号不匹配
d:\大二下学期课程\数据库系统\数据库夏季大作业\总体提交作业\2.pro\minisql2020627\newminisql\api.cpp(771): warning C4018: “<”: 有符号/无符号不匹配
d:\大二下学期课程\数据库系统\数据库夏季大作业\总体提交作业\2.pro\minisql2020627\newminisql\api.cpp(790): warning C4018: “<”: 有符号/无符号不匹配
d:\大二下学期课程\数据库系统\数据库夏季大作业\总体提交作业\2.pro\minisql2020627\newminisql\api.cpp(793): warning C4018: “<”: 有符号/无符号不匹配
d:\大二下学期课程\数据库系统\数据库夏季大作业\总体提交作业\2.pro\minisql2020627\newminisql\api.cpp(888): warning C4018: “<”: 有符号/无符号不匹配
d:\大二下学期课程\数据库系统\数据库夏季大作业\总体提交作业\2.pro\minisql2020627\newminisql\api.cpp(899): warning C4018: “<”: 有符号/无符号不匹配
d:\大二下学期课程\数据库系统\数据库夏季大作业\总体提交作业\2.pro\minisql2020627\newminisql\api.cpp(1122): warning C4018: “<”: 有符号/无符号不匹配
d:\大二下学期课程\数据库系统\数据库夏季大作业\总体提交作业\2.pro\minisql2020627\newminisql\api.cpp(1131): warning C4018: “<”: 有符号/无符号不匹配
d:\大二下学期课程\数据库系统\数据库夏季大作业\总体提交作业\2.pro\minisql2020627\newminisql\api.cpp(1159): warning C4018: “<”: 有符号/无符号不匹配
d:\大二下学期课程\数据库系统\数据库夏季大作业\总体提交作业\2.pro\minisql2020627\newminisql\api.cpp(1170): warning C4018: “<”: 有符号/无符号不匹配
d:\大二下学期课程\数据库系统\数据库夏季大作业\总体提交作业\2.pro\minisql2020627\newminisql\api.cpp(1191): warning C4018: “<”: 有符号/无符号不匹配
d:\大二下学期课程\数据库系统\数据库夏季大作业\总体提交作业\2.pro\minisql2020627\newminisql\api.cpp(1194): warning C4018: “<”: 有符号/无符号不匹配
d:\大二下学期课程\数据库系统\数据库夏季大作业\总体提交作业\2.pro\minisql2020627\newminisql\api.cpp(1226): warning C4018: “<”: 有符号/无符号不匹配
d:\大二下学期课程\数据库系统\数据库夏季大作业\总体提交作业\2.pro\minisql2020627\newminisql\api.cpp(1234): warning C4018: “<”: 有符号/无符号不匹配
d:\大二下学期课程\数据库系统\数据库夏季大作业\总体提交作业\2.pro\minisql2020627\newminisql\api.cpp(1239): warning C4018: “<”: 有符号/无符号不匹配
d:\大二下学期课程\数据库系统\数据库夏季大作业\总体提交作业\2.pro\minisql2020627\newminisql\api.cpp(1289): warning C4018: “<”: 有符号/无符号不匹配
d:\大二下学期课程\数据库系统\数据库夏季大作业\总体提交作业\2.pro\minisql2020627\newminisql\api.cpp(1316): warning C4018: “<”: 有符号/无符号不匹配
d:\大二下学期课程\数据库系统\数据库夏季大作业\总体提交作业\2.pro\minisql2020627\newminisql\api.cpp(1328): warning C4018: “<”: 有符号/无符号不匹配
d:\大二下学期课程\数据库系统\数据库夏季大作业\总体提交作业\2.pro\minisql2020627\newminisql\api.cpp(1344): warning C4018: “<”: 有符号/无符号不匹配
d:\大二下学期课程\数据库系统\数据库夏季大作业\总体提交作业\2.pro\minisql2020627\newminisql\api.cpp(1347): warning C4018: “<”: 有符号/无符号不匹配
d:\大二下学期课程\数据库系统\数据库夏季大作业\总体提交作业\2.pro\minisql2020627\newminisql\api.cpp(1379): warning C4018: “<”: 有符号/无符号不匹配
d:\大二下学期课程\数据库系统\数据库夏季大作业\总体提交作业\2.pro\minisql2020627\newminisql\api.cpp(1387): warning C4018: “<”: 有符号/无符号不匹配
d:\大二下学期课程\数据库系统\数据库夏季大作业\总体提交作业\2.pro\minisql2020627\newminisql\api.cpp(1421): warning C4018: “<”: 有符号/无符号不匹配
d:\大二下学期课程\数据库系统\数据库夏季大作业\总体提交作业\2.pro\minisql2020627\newminisql\api.cpp(1461): warning C4018: “<”: 有符号/无符号不匹配
d:\大二下学期课程\数据库系统\数据库夏季大作业\总体提交作业\2.pro\minisql2020627\newminisql\api.cpp(1567): warning C4018: “<”: 有符号/无符号不匹配
  BTree.cpp
  BufferManager.cpp
d:\大二下学期课程\数据库系统\数据库夏季大作业\总体提交作业\2.pro\minisql2020627\newminisql\buffermanager.cpp(73): warning C4018: “<”: 有符号/无符号不匹配
  Catlog.cpp
d:\大二下学期课程\数据库系统\数据库夏季大作业\总体提交作业\2.pro\minisql2020627\newminisql\catlog.cpp(245): warning C4018: “<”: 有符号/无符号不匹配
d:\大二下学期课程\数据库系统\数据库夏季大作业\总体提交作业\2.pro\minisql2020627\newminisql\catlog.cpp(272): warning C4018: “<”: 有符号/无符号不匹配
d:\大二下学期课程\数据库系统\数据库夏季大作业\总体提交作业\2.pro\minisql2020627\newminisql\catlog.cpp(286): warning C4018: “<”: 有符号/无符号不匹配
d:\大二下学期课程\数据库系统\数据库夏季大作业\总体提交作业\2.pro\minisql2020627\newminisql\catlog.cpp(301): warning C4018: “<”: 有符号/无符号不匹配
d:\大二下学期课程\数据库系统\数据库夏季大作业\总体提交作业\2.pro\minisql2020627\newminisql\catlog.cpp(312): warning C4018: “<”: 有符号/无符号不匹配
  Error.cpp
  Global.cpp
  Interpreter.cpp
d:\大二下学期课程\数据库系统\数据库夏季大作业\总体提交作业\2.pro\minisql2020627\newminisql\interpreter.cpp(85): warning C4018: “<”: 有符号/无符号不匹配
d:\大二下学期课程\数据库系统\数据库夏季大作业\总体提交作业\2.pro\minisql2020627\newminisql\interpreter.cpp(93): warning C4018: “<”: 有符号/无符号不匹配
d:\大二下学期课程\数据库系统\数据库夏季大作业\总体提交作业\2.pro\minisql2020627\newminisql\interpreter.cpp(97): warning C4018: “>”: 有符号/无符号不匹配
d:\大二下学期课程\数据库系统\数据库夏季大作业\总体提交作业\2.pro\minisql2020627\newminisql\interpreter.cpp(118): warning C4018: “<”: 有符号/无符号不匹配
d:\大二下学期课程\数据库系统\数据库夏季大作业\总体提交作业\2.pro\minisql2020627\newminisql\interpreter.cpp(385): warning C4018: “<”: 有符号/无符号不匹配
d:\大二下学期课程\数据库系统\数据库夏季大作业\总体提交作业\2.pro\minisql2020627\newminisql\interpreter.cpp(393): warning C4018: “>=”: 有符号/无符号不匹配
d:\大二下学期课程\数据库系统\数据库夏季大作业\总体提交作业\2.pro\minisql2020627\newminisql\interpreter.cpp(413): warning C4018: “>=”: 有符号/无符号不匹配
d:\大二下学期课程\数据库系统\数据库夏季大作业\总体提交作业\2.pro\minisql2020627\newminisql\interpreter.cpp(429): warning C4018: “<”: 有符号/无符号不匹配
d:\大二下学期课程\数据库系统\数据库夏季大作业\总体提交作业\2.pro\minisql2020627\newminisql\interpreter.cpp(436): warning C4018: “<”: 有符号/无符号不匹配
d:\大二下学期课程\数据库系统\数据库夏季大作业\总体提交作业\2.pro\minisql2020627\newminisql\interpreter.cpp(443): warning C4018: “<”: 有符号/无符号不匹配
d:\大二下学期课程\数据库系统\数据库夏季大作业\总体提交作业\2.pro\minisql2020627\newminisql\interpreter.cpp(539): warning C4018: “<”: 有符号/无符号不匹配
d:\大二下学期课程\数据库系统\数据库夏季大作业\总体提交作业\2.pro\minisql2020627\newminisql\interpreter.cpp(559): warning C4018: “<”: 有符号/无符号不匹配
d:\大二下学期课程\数据库系统\数据库夏季大作业\总体提交作业\2.pro\minisql2020627\newminisql\interpreter.cpp(567): warning C4018: “<”: 有符号/无符号不匹配
d:\大二下学期课程\数据库系统\数据库夏季大作业\总体提交作业\2.pro\minisql2020627\newminisql\interpreter.cpp(595): warning C4018: “<”: 有符号/无符号不匹配
d:\大二下学期课程\数据库系统\数据库夏季大作业\总体提交作业\2.pro\minisql2020627\newminisql\interpreter.cpp(614): warning C4018: “<”: 有符号/无符号不匹配
d:\大二下学期课程\数据库系统\数据库夏季大作业\总体提交作业\2.pro\minisql2020627\newminisql\interpreter.cpp(623): warning C4018: “<”: 有符号/无符号不匹配
d:\大二下学期课程\数据库系统\数据库夏季大作业\总体提交作业\2.pro\minisql2020627\newminisql\interpreter.cpp(630): warning C4018: “<”: 有符号/无符号不匹配
d:\大二下学期课程\数据库系统\数据库夏季大作业\总体提交作业\2.pro\minisql2020627\newminisql\interpreter.cpp(641): warning C4018: “<”: 有符号/无符号不匹配
d:\大二下学期课程\数据库系统\数据库夏季大作业\总体提交作业\2.pro\minisql2020627\newminisql\interpreter.cpp(721): warning C4018: “<”: 有符号/无符号不匹配
d:\大二下学期课程\数据库系统\数据库夏季大作业\总体提交作业\2.pro\minisql2020627\newminisql\interpreter.cpp(747): warning C4018: “<”: 有符号/无符号不匹配
d:\大二下学期课程\数据库系统\数据库夏季大作业\总体提交作业\2.pro\minisql2020627\newminisql\interpreter.cpp(762): warning C4018: “<”: 有符号/无符号不匹配
d:\大二下学期课程\数据库系统\数据库夏季大作业\总体提交作业\2.pro\minisql2020627\newminisql\interpreter.cpp(773): warning C4018: “<”: 有符号/无符号不匹配
d:\大二下学期课程\数据库系统\数据库夏季大作业\总体提交作业\2.pro\minisql2020627\newminisql\interpreter.cpp(828): warning C4018: “<”: 有符号/无符号不匹配
d:\大二下学期课程\数据库系统\数据库夏季大作业\总体提交作业\2.pro\minisql2020627\newminisql\interpreter.cpp(858): warning C4018: “<”: 有符号/无符号不匹配
d:\大二下学期课程\数据库系统\数据库夏季大作业\总体提交作业\2.pro\minisql2020627\newminisql\interpreter.cpp(883): warning C4018: “<”: 有符号/无符号不匹配
  MiniSql.cpp
  Record.cpp
  Timer.cpp
  正在生成代码...
d:\大二下学期课程\数据库系统\数据库夏季大作业\总体提交作业\2.pro\minisql2020627\newminisql\api.cpp(85): warning C4715: “Drop_DB”: 不是所有的控件路径都返回值
  NewMiniSql.vcxproj -> D:\大二下学期课程\数据库系统\数据库夏季大作业\总体提交作业\2.Pro\MiniSql2020627\Debug\NewMiniSql.exe
